\BOOKMARK [0][-]{chapter*.2}{\376\377\000B\000e\000v\000e\000z\000e\000t\000\351\000s}{}% 1
\BOOKMARK [0][-]{chapter.1}{\376\377\0001\000.\000\040\000A\000l\000k\000a\000l\000m\000a\000z\000\341\000s\000\040\000b\000e\000m\000u\000t\000a\000t\000\341\000s\000a}{}% 2
\BOOKMARK [1][-]{section.1.1}{\376\377\0001\000.\0001\000.\000\040\000A\000d\000a\000t\000b\000\341\000z\000i\000s}{chapter.1}% 3
\BOOKMARK [1][-]{section.1.2}{\376\377\0001\000.\0002\000.\000\040\000\301\000l\000t\000a\000l\000\341\000n\000o\000s\000\040\000f\000u\000n\000k\000c\000i\000\363\000k\000,\000\040\000i\000n\000f\000o\000r\000m\000\341\000c\000i\000\363\000k}{chapter.1}% 4
\BOOKMARK [1][-]{section.1.3}{\376\377\0001\000.\0003\000.\000\040\000A\000d\000m\000i\000n\000i\000s\000z\000t\000r\000\341\000t\000o\000r\000i\000\040\000n\000\351\000z\000e\000t\000,\000\040\000f\000u\000n\000k\000c\000i\000\363\000k}{chapter.1}% 5
\BOOKMARK [1][-]{section.1.4}{\376\377\0001\000.\0004\000.\000\040\000T\000a\000n\000\341\000r\000i\000\040\000n\000\351\000z\000e\000t\000,\000\040\000f\000u\000n\000k\000c\000i\000\363\000k}{chapter.1}% 6
\BOOKMARK [1][-]{section.1.5}{\376\377\0001\000.\0005\000.\000\040\000H\000a\000l\000l\000g\000a\000t\000\363\000i\000\040\000n\000\351\000z\000e\000t\000,\000\040\000f\000u\000n\000k\000c\000i\000\363\000k}{chapter.1}% 7
\BOOKMARK [0][-]{chapter.2}{\376\377\0002\000.\000\040\000F\000e\000l\000h\000a\000s\000z\000n\000\341\000l\000t\000\040\000t\000e\000c\000h\000n\000o\000l\000\363\000g\000i\000\341\000k\000,\000\040\000c\000s\000o\000m\000a\000g\000o\000k}{}% 8
\BOOKMARK [1][-]{section.2.1}{\376\377\0002\000.\0001\000.\000\040\000L\000a\000r\000a\000v\000e\000l}{chapter.2}% 9
\BOOKMARK [2][-]{subsection.2.1.1}{\376\377\0002\000.\0001\000.\0001\000.\000\040\000K\000e\000r\000e\000t\000r\000e\000n\000d\000s\000z\000e\000r\000\040\000a\000l\000a\000p\000j\000a\000i}{section.2.1}% 10
\BOOKMARK [2][-]{subsection.2.1.2}{\376\377\0002\000.\0001\000.\0002\000.\000\040\000M\000V\000C\000\040\000a\000r\000c\000h\000i\000t\000e\000k\000t\000\372\000r\000a}{section.2.1}% 11
\BOOKMARK [2][-]{subsection.2.1.3}{\376\377\0002\000.\0001\000.\0003\000.\000\040\000E\000l\000o\000q\000u\000e\000n\000t\000\040\000O\000R\000M}{section.2.1}% 12
\BOOKMARK [2][-]{subsection.2.1.4}{\376\377\0002\000.\0001\000.\0004\000.\000\040\000B\000l\000a\000d\000e\000\040\000t\000e\000m\000p\000l\000a\000t\000i\000n\000g\000\040\000e\000n\000g\000i\000n\000e}{section.2.1}% 13
\BOOKMARK [2][-]{subsection.2.1.5}{\376\377\0002\000.\0001\000.\0005\000.\000\040\000L\000a\000r\000a\000v\000e\000l\000\040\000F\000o\000r\000t\000i\000f\000y}{section.2.1}% 14
\BOOKMARK [2][-]{subsection.2.1.6}{\376\377\0002\000.\0001\000.\0006\000.\000\040\000E\000s\000e\000m\000\351\000n\000y\000e\000k\000,\000\040\000q\000u\000e\000u\000e}{section.2.1}% 15
\BOOKMARK [2][-]{subsection.2.1.7}{\376\377\0002\000.\0001\000.\0007\000.\000\040\000E\000m\000a\000i\000l\000\040\000k\000\374\000l\000d\000\351\000s}{section.2.1}% 16
\BOOKMARK [1][-]{section.2.2}{\376\377\0002\000.\0002\000.\000\040\000L\000i\000v\000e\000W\000i\000r\000e}{chapter.2}% 17
\BOOKMARK [2][-]{subsection.2.2.1}{\376\377\0002\000.\0002\000.\0001\000.\000\040\000I\000s\000m\000e\000r\000t\000e\000t\001\121\000,\000\040\000a\000\040\000c\000s\000o\000m\000a\000g\000\040\000m\001\161\000k\000\366\000d\000\351\000s\000e}{section.2.2}% 18
\BOOKMARK [2][-]{subsection.2.2.2}{\376\377\0002\000.\0002\000.\0002\000.\000\040\000L\000i\000v\000e\000W\000i\000r\000e\000\040\000\351\000s\000\040\000S\000P\000A}{section.2.2}% 19
\BOOKMARK [2][-]{subsection.2.2.3}{\376\377\0002\000.\0002\000.\0003\000.\000\040\000K\000o\000m\000p\000o\000n\000e\000n\000s\000e\000k\000\040\000\351\000s\000\040\000d\000a\000t\000a\000\040\000b\000i\000n\000d\000i\000n\000g}{section.2.2}% 20
\BOOKMARK [2][-]{subsection.2.2.4}{\376\377\0002\000.\0002\000.\0004\000.\000\040\000E\000s\000e\000m\000\351\000n\000y\000e\000k\000,\000\040\000l\000a\000p\000o\000z\000\341\000s}{section.2.2}% 21
\BOOKMARK [2][-]{subsection.2.2.5}{\376\377\0002\000.\0002\000.\0005\000.\000\040\000A\000l\000p\000i\000n\000e\000.\000j\000s\000:\000\040\000L\000i\000v\000e\000W\000i\000r\000e\000\040\000\351\000s\000\040\000J\000a\000v\000a\000S\000c\000r\000i\000p\000t\000\040\000k\000a\000p\000c\000s\000o\000l\000a\000t\000a}{section.2.2}% 22
\BOOKMARK [2][-]{subsection.2.2.6}{\376\377\0002\000.\0002\000.\0006\000.\000\040\000W\000i\000r\000e\000T\000o\000a\000s\000t\000:\000\040\000L\000i\000v\000e\000W\000i\000r\000e\000\040\000a\000l\000a\000p\000\372\000\040\000\351\000r\000t\000e\000s\000\355\000t\000\351\000s\000e\000k}{section.2.2}% 23
\BOOKMARK [1][-]{section.2.3}{\376\377\0002\000.\0003\000.\000\040\000W\000e\000b\000s\000o\000c\000k\000e\000t\000\040\000\351\000s\000\040\000P\000u\000s\000h\000e\000r\000\040\000s\000z\000e\000r\000v\000i\000z}{chapter.2}% 24
\BOOKMARK [2][-]{subsection.2.3.1}{\376\377\0002\000.\0003\000.\0001\000.\000\040\000W\000e\000b\000s\000o\000c\000k\000e\000t\000\040\000j\000e\000l\000e\000n\000t\001\121\000s\000\351\000g\000e}{section.2.3}% 25
\BOOKMARK [2][-]{subsection.2.3.2}{\376\377\0002\000.\0003\000.\0002\000.\000\040\000P\000u\000s\000h\000e\000r}{section.2.3}% 26
\BOOKMARK [2][-]{subsection.2.3.3}{\376\377\0002\000.\0003\000.\0003\000.\000\040\000W\000e\000b\000s\000o\000c\000k\000e\000t\000\040\000i\000n\000t\000e\000g\000r\000\341\000l\000\341\000s\000a\000\040\000a\000\040\000k\000e\000r\000e\000t\000r\000e\000n\000d\000s\000z\000e\000r\000b\000e}{section.2.3}% 27
\BOOKMARK [2][-]{subsection.2.3.4}{\376\377\0002\000.\0003\000.\0004\000.\000\040\000C\000s\000a\000t\000o\000r\000n\000\341\000k\000,\000\040\000e\000s\000e\000m\000\351\000n\000y\000e\000k\000\040\000l\000\351\000t\000r\000e\000h\000o\000z\000\341\000s\000a}{section.2.3}% 28
\BOOKMARK [2][-]{subsection.2.3.5}{\376\377\0002\000.\0003\000.\0005\000.\000\040\000E\000s\000e\000m\000\351\000n\000y\000e\000k\000\040\000f\000o\000g\000a\000d\000\341\000s\000a\000\040\000J\000a\000v\000a\000S\000c\000r\000i\000p\000t\000,\000\040\000L\000i\000v\000e\000W\000i\000r\000e\000\040\000e\000s\000e\000t\000\351\000n}{section.2.3}% 29
\BOOKMARK [1][-]{section.2.4}{\376\377\0002\000.\0004\000.\000\040\000Q\000R\000-\000k\000\363\000d\000\040\000g\000e\000n\000e\000r\000\341\000l\000\341\000s}{chapter.2}% 30
\BOOKMARK [1][-]{section.2.5}{\376\377\0002\000.\0005\000.\000\040\000N\000a\000p\000t\000\341\000r\000\040\000-\000\040\000F\000u\000l\000l\000C\000a\000l\000e\000n\000d\000a\000r\000.\000j\000s}{chapter.2}% 31
\BOOKMARK [2][-]{subsection.2.5.1}{\376\377\0002\000.\0005\000.\0001\000.\000\040\000B\000e\000\341\000l\000l\000\355\000t\000\341\000s\000a\000i}{section.2.5}% 32
\BOOKMARK [2][-]{subsection.2.5.2}{\376\377\0002\000.\0005\000.\0002\000.\000\040\000K\000a\000p\000c\000s\000o\000l\000a\000t\000\040\000a\000\040\000k\000e\000r\000e\000t\000r\000e\000n\000d\000s\000z\000e\000r\000r\000e\000l\000\040\000L\000i\000v\000e\000W\000i\000r\000e\000\040\000s\000e\000g\000\355\000t\000s\000\351\000g\000\351\000v\000e\000l}{section.2.5}% 33
\BOOKMARK [1][-]{section.2.6}{\376\377\0002\000.\0006\000.\000\040\000D\000i\000a\000g\000r\000a\000m\000o\000k\000\040\000-\000\040\000C\000h\000a\000r\000t\000.\000j\000s}{chapter.2}% 34
\BOOKMARK [2][-]{subsection.2.6.1}{\376\377\0002\000.\0006\000.\0001\000.\000\040\000B\000e\000\341\000l\000l\000\355\000t\000\341\000s\000a\000i}{section.2.6}% 35
\BOOKMARK [2][-]{subsection.2.6.2}{\376\377\0002\000.\0006\000.\0002\000.\000\040\000K\000a\000p\000c\000s\000o\000l\000a\000t\000\040\000a\000\040\000k\000e\000r\000e\000t\000r\000e\000n\000d\000s\000z\000e\000r\000r\000e\000l\000\040\000L\000i\000v\000e\000W\000i\000r\000e\000\040\000s\000e\000g\000\355\000t\000s\000\351\000g\000\351\000v\000e\000l}{section.2.6}% 36
\BOOKMARK [1][-]{section.2.7}{\376\377\0002\000.\0007\000.\000\040\000P\000r\000o\000g\000r\000e\000s\000s\000i\000v\000e\000\040\000W\000e\000b\000\040\000A\000p\000p\000s}{chapter.2}% 37
\BOOKMARK [2][-]{subsection.2.7.1}{\376\377\0002\000.\0007\000.\0001\000.\000\040\000A\000\040\000P\000W\000A\000\040\000j\000e\000l\000e\000n\000t\000\351\000s\000e\000,\000\040\000j\000e\000l\000e\000n\000t\001\121\000s\000\351\000g\000e}{section.2.7}% 38
\BOOKMARK [2][-]{subsection.2.7.2}{\376\377\0002\000.\0007\000.\0002\000.\000\040\000L\000a\000r\000a\000v\000e\000l\000\040\000P\000W\000A\000\040\000c\000s\000o\000m\000a\000g}{section.2.7}% 39
\BOOKMARK [2][-]{subsection.2.7.3}{\376\377\0002\000.\0007\000.\0003\000.\000\040\000A\000\040\000m\000a\000n\000i\000f\000e\000s\000t\000\040\000f\000\341\000j\000l}{section.2.7}% 40
\BOOKMARK [2][-]{subsection.2.7.4}{\376\377\0002\000.\0007\000.\0004\000.\000\040\000S\000e\000r\000v\000i\000c\000e\000\040\000W\000o\000r\000k\000e\000r}{section.2.7}% 41
\BOOKMARK [0][-]{chapter.3}{\376\377\0003\000.\000\040\000A\000z\000\040\000a\000l\000k\000a\000l\000m\000a\000z\000\341\000s\000\040\000t\000e\000s\000z\000t\000e\000l\000\351\000s\000e}{}% 42
\BOOKMARK [1][-]{section.3.1}{\376\377\0003\000.\0001\000.\000\040\000M\000a\000n\000u\000\341\000l\000i\000s\000\040\000t\000e\000s\000z\000t\000e\000l\000\351\000s}{chapter.3}% 43
\BOOKMARK [1][-]{section.3.2}{\376\377\0003\000.\0002\000.\000\040\000A\000u\000t\000o\000m\000a\000t\000i\000z\000\341\000l\000t\000\040\000t\000e\000s\000z\000t\000e\000l\000\351\000s}{chapter.3}% 44
\BOOKMARK [1][-]{section.3.3}{\376\377\0003\000.\0003\000.\000\040\000T\000e\000r\000h\000e\000l\000\351\000s\000e\000s\000\040\000t\000e\000s\000z\000t\000e\000l\000\351\000s}{chapter.3}% 45
\BOOKMARK [0][-]{chapter.4}{\376\377\0004\000.\000\040\000A\000l\000k\000a\000l\000m\000a\000z\000\341\000s\000\040\000t\000e\000l\000e\000p\000\355\000t\000\351\000s\000e}{}% 46
\BOOKMARK [1][-]{section.4.1}{\376\377\0004\000.\0001\000.\000\040\000L\000a\000r\000a\000v\000e\000l\000\040\000F\000o\000r\000g\000e}{chapter.4}% 47
\BOOKMARK [1][-]{section.4.2}{\376\377\0004\000.\0002\000.\000\040\000K\000\351\000z\000i\000\040\000t\000e\000l\000e\000p\000\355\000t\000\351\000s\000\040\000l\000\351\000p\000\351\000s\000e\000i}{chapter.4}% 48
\BOOKMARK [0][-]{chapter*.3}{\376\377\000\326\000s\000s\000z\000e\000g\000z\000\351\000s}{}% 49
\BOOKMARK [0][-]{chapter*.4}{\376\377\000I\000r\000o\000d\000a\000l\000o\000m\000j\000e\000g\000y\000z\000\351\000k}{}% 50
